<?xml version="1.0" encoding="UTF-8"?>
<testng-results skipped="0" failed="0" total="1" passed="1">
  <reporter-output>
  </reporter-output>
  <suite name="Default suite" duration-ms="62831" started-at="2021-08-30T05:06:19Z" finished-at="2021-08-30T05:07:22Z">
    <groups>
    </groups>
    <test name="Default test" duration-ms="62831" started-at="2021-08-30T05:06:19Z" finished-at="2021-08-30T05:07:22Z">
      <class name="org.login.DataProviderTestNG">
        <test-method status="PASS" signature="test1(java.lang.String, java.lang.String)[pri:0, instance:org.login.DataProviderTestNG@3532ec19]" name="test1" duration-ms="62733" started-at="2021-08-30T10:36:20Z" data-provider="SampleData" finished-at="2021-08-30T10:37:22Z">
          <params>
            <param index="0">
              <value>
                <![CDATA[Nagaraj2313]]>
              </value>
            </param>
            <param index="1">
              <value>
                <![CDATA[Naga@123]]>
              </value>
            </param>
          </params>
          <reporter-output>
          </reporter-output>
        </test-method> <!-- test1 -->
      </class> <!-- org.login.DataProviderTestNG -->
    </test> <!-- Default test -->
  </suite> <!-- Default suite -->
</testng-results>
